*** Using Compiler 'V6.16', folder: 'C:\Keil_v5\ARM\ARMCLANG\Bin'
Build target 'demo'
compiling stm32h7xx_hal_msp.c...
compiling bdma.c...
compiling stm32h7xx_it.c...
compiling dma.c...
compiling usart.c...
compiling tim.c...
compiling sleep.c...
compiling adc.c...
compiling main.c...
compiling gpio.c...
compiling bsp_led.c...
assembling startup_stm32h750xx.s...
compiling bsp_uart.c...
compiling adc_ts.c...
compiling system_stm32h7xx.c...
compiling stm32h7xx_hal_adc.c...
compiling stm32h7xx_hal_rcc.c...
compiling stm32h7xx_hal_rcc_ex.c...
compiling stm32h7xx_hal_adc_ex.c...
compiling stm32h7xx_hal_hsem.c...
compiling stm32h7xx_hal_gpio.c...
compiling stm32h7xx_hal_flash_ex.c...
compiling stm32h7xx_hal_flash.c...
compiling stm32h7xx_hal_dma_ex.c...
compiling stm32h7xx_hal_dma.c...
compiling stm32h7xx_hal_mdma.c...
compiling stm32h7xx_hal_pwr.c...
compiling stm32h7xx_hal_cortex.c...
compiling stm32h7xx_hal_pwr_ex.c...
compiling stm32h7xx_hal_i2c_ex.c...
compiling stm32h7xx_hal.c...
compiling stm32h7xx_hal_exti.c...
compiling stm32h7xx_hal_uart_ex.c...
compiling stm32h7xx_hal_tim_ex.c...
compiling stm32h7xx_hal_tim.c...
compiling stm32h7xx_hal_i2c.c...
compiling stm32h7xx_hal_uart.c...
linking...
Program Size: Code=30064 RO-data=768 RW-data=72 ZI-data=2016  
FromELF: creating hex file...
After Build - User command #1: fromelf --bin -o "demo\demo.bin" "demo\demo.axf"
Error: Q0147E: Failed to create Directory demo\demo.bin\ER_IROM1: File exists
Finished: 0 information, 0 warning and 1 error messages.
"demo\demo.axf" - 0 Error(s), 0 Warning(s).
Build Time Elapsed:  00:00:04
