*** Using Compiler 'V6.16', folder: 'C:\Keil_v5\ARM\ARMCLANG\Bin'
Build target 'demo'
assembling startup_stm32h750xx.s...
compiling stm32h7xx_hal_msp.c...
compiling adc.c...
compiling motdrv.c...
compiling dma.c...
compiling usb_device.c...
compiling tim.c...
compiling system_stm32h7xx.c...
compiling stm32h7xx_it.c...
compiling gpio.c...
compiling main.c...
compiling usbd_desc.c...
compiling usbd_cdc_if.c...
compiling stm32h7xx_hal_pcd_ex.c...
compiling stm32h7xx_hal_rcc.c...
compiling stm32h7xx_hal_flash_ex.c...
compiling stm32h7xx_ll_usb.c...
compiling usbd_conf.c...
compiling stm32h7xx_hal_gpio.c...
compiling stm32h7xx_hal_flash.c...
compiling stm32h7xx_hal_rcc_ex.c...
compiling stm32h7xx_hal_pcd.c...
compiling stm32h7xx_hal_hsem.c...
compiling stm32h7xx_hal_dma.c...
compiling stm32h7xx_hal_dma_ex.c...
compiling stm32h7xx_hal_mdma.c...
compiling stm32h7xx_hal_pwr_ex.c...
compiling stm32h7xx_hal_pwr.c...
compiling stm32h7xx_hal_cortex.c...
compiling stm32h7xx_hal_i2c_ex.c...
compiling stm32h7xx_hal.c...
compiling stm32h7xx_hal_exti.c...
compiling stm32h7xx_hal_i2c.c...
compiling stm32h7xx_hal_adc.c...
compiling stm32h7xx_hal_adc_ex.c...
compiling stm32h7xx_hal_tim.c...
compiling stm32h7xx_hal_tim_ex.c...
compiling usbd_core.c...
compiling usbd_ctlreq.c...
compiling usbd_ioreq.c...
compiling bsp_led.c...
compiling usbd_cdc.c...
compiling sleep.c...
compiling iclarke.c...
compiling ipark.c...
compiling clarke.c...
compiling park.c...
compiling svpwm.c...
compiling mag.c...
../../../Board/motdrv/enc/hall.c(24): warning: implicit declaration of function 'HAL_Port_ReadPin' is invalid in C99 [-Wimplicit-function-declaration]
            pEnc->HallState |= ((HAL_Port_ReadPin(pEnc->HB_Port, pEnc->HB_Pin) == GPIO_PIN_SET) ^ 1) << 2;
                                 ^
../../../Board/motdrv/enc/hall.c(31): warning: implicit declaration of function 'HAL_Port_ReadPin' is invalid in C99 [-Wimplicit-function-declaration]
            pEnc->HallState |= (HAL_Port_ReadPin(pEnc->HC_Port, pEnc->HC_Pin) == GPIO_PIN_SET) << 2;
                                ^
2 warnings generated.
compiling hall.c...
compiling rot.c...
compiling abs.c...
compiling inc.c...
linking...
demo\demo.axf: Error: L6218E: Undefined symbol HAL_Port_ReadPin (referred from hall.o).
Not enough information to list image symbols.
Not enough information to list load addresses in the image map.
Finished: 2 information, 0 warning and 1 error messages.
"demo\demo.axf" - 1 Error(s), 2 Warning(s).
Target not created.
Build Time Elapsed:  00:00:07
